D:\OOOD\CODEMETRIC\CODEMETRIC\DEBUG\ACTIONSANDRULES.OBJ
d:\oood\CodeMetric\CodeMetric\Debug\cl.command.1.tlog
d:\oood\CodeMetric\CodeMetric\Debug\CL.read.1.tlog
d:\oood\CodeMetric\CodeMetric\Debug\CL.write.1.tlog
D:\OOOD\CODEMETRIC\CODEMETRIC\DEBUG\CODEMETRIC.EXE.EMBED.MANIFEST
D:\OOOD\CODEMETRIC\CODEMETRIC\DEBUG\CODEMETRIC.EXE.EMBED.MANIFEST.RES
D:\OOOD\CODEMETRIC\CODEMETRIC\DEBUG\CODEMETRIC.EXE.INTERMEDIATE.MANIFEST
d:\oood\CodeMetric\CodeMetric\Debug\CodeMetric_manifest.rc
D:\OOOD\CODEMETRIC\CODEMETRIC\DEBUG\CONFIGUREPARSER.OBJ
D:\OOOD\CODEMETRIC\CODEMETRIC\DEBUG\EXECUTIVE.OBJ
D:\OOOD\CODEMETRIC\CODEMETRIC\DEBUG\FILEINFO.OBJ
d:\oood\CodeMetric\CodeMetric\Debug\link.1340.read.1.tlog
d:\oood\CodeMetric\CodeMetric\Debug\link.1340.write.1.tlog
d:\oood\CodeMetric\CodeMetric\Debug\link.1340-cvtres.read.1.tlog
d:\oood\CodeMetric\CodeMetric\Debug\link.1340-cvtres.write.1.tlog
d:\oood\CodeMetric\CodeMetric\Debug\link.1660.read.1.tlog
d:\oood\CodeMetric\CodeMetric\Debug\link.1660.write.1.tlog
d:\oood\CodeMetric\CodeMetric\Debug\link.1660-cvtres.read.1.tlog
d:\oood\CodeMetric\CodeMetric\Debug\link.1660-cvtres.write.1.tlog
d:\oood\CodeMetric\CodeMetric\Debug\link.1840.read.1.tlog
d:\oood\CodeMetric\CodeMetric\Debug\link.1840.write.1.tlog
d:\oood\CodeMetric\CodeMetric\Debug\link.1840-cvtres.read.1.tlog
d:\oood\CodeMetric\CodeMetric\Debug\link.1840-cvtres.write.1.tlog
d:\oood\CodeMetric\CodeMetric\Debug\link.1964.read.1.tlog
d:\oood\CodeMetric\CodeMetric\Debug\link.1964.write.1.tlog
d:\oood\CodeMetric\CodeMetric\Debug\link.1964-cvtres.read.1.tlog
d:\oood\CodeMetric\CodeMetric\Debug\link.1964-cvtres.write.1.tlog
d:\oood\CodeMetric\CodeMetric\Debug\link.2116.read.1.tlog
d:\oood\CodeMetric\CodeMetric\Debug\link.2116.write.1.tlog
d:\oood\CodeMetric\CodeMetric\Debug\link.2116-cvtres.read.1.tlog
d:\oood\CodeMetric\CodeMetric\Debug\link.2116-cvtres.write.1.tlog
d:\oood\CodeMetric\CodeMetric\Debug\link.2256.read.1.tlog
d:\oood\CodeMetric\CodeMetric\Debug\link.2256.write.1.tlog
d:\oood\CodeMetric\CodeMetric\Debug\link.2256-cvtres.read.1.tlog
d:\oood\CodeMetric\CodeMetric\Debug\link.2256-cvtres.write.1.tlog
d:\oood\CodeMetric\CodeMetric\Debug\link.3296.read.1.tlog
d:\oood\CodeMetric\CodeMetric\Debug\link.3296.write.1.tlog
d:\oood\CodeMetric\CodeMetric\Debug\link.3296-cvtres.read.1.tlog
d:\oood\CodeMetric\CodeMetric\Debug\link.3296-cvtres.write.1.tlog
d:\oood\CodeMetric\CodeMetric\Debug\link.3384.read.1.tlog
d:\oood\CodeMetric\CodeMetric\Debug\link.3384.write.1.tlog
d:\oood\CodeMetric\CodeMetric\Debug\link.3384-cvtres.read.1.tlog
d:\oood\CodeMetric\CodeMetric\Debug\link.3384-cvtres.write.1.tlog
d:\oood\CodeMetric\CodeMetric\Debug\link.3416.read.1.tlog
d:\oood\CodeMetric\CodeMetric\Debug\link.3416.write.1.tlog
d:\oood\CodeMetric\CodeMetric\Debug\link.3416-cvtres.read.1.tlog
d:\oood\CodeMetric\CodeMetric\Debug\link.3416-cvtres.write.1.tlog
d:\oood\CodeMetric\CodeMetric\Debug\link.3844.read.1.tlog
d:\oood\CodeMetric\CodeMetric\Debug\link.3844.write.1.tlog
d:\oood\CodeMetric\CodeMetric\Debug\link.3844-cvtres.read.1.tlog
d:\oood\CodeMetric\CodeMetric\Debug\link.3844-cvtres.write.1.tlog
d:\oood\CodeMetric\CodeMetric\Debug\link.4052.read.1.tlog
d:\oood\CodeMetric\CodeMetric\Debug\link.4052.write.1.tlog
d:\oood\CodeMetric\CodeMetric\Debug\link.4052-cvtres.read.1.tlog
d:\oood\CodeMetric\CodeMetric\Debug\link.4052-cvtres.write.1.tlog
d:\oood\CodeMetric\CodeMetric\Debug\link.5100.read.1.tlog
d:\oood\CodeMetric\CodeMetric\Debug\link.5100.write.1.tlog
d:\oood\CodeMetric\CodeMetric\Debug\link.5100-cvtres.read.1.tlog
d:\oood\CodeMetric\CodeMetric\Debug\link.5100-cvtres.write.1.tlog
d:\oood\CodeMetric\CodeMetric\Debug\link.5248.read.1.tlog
d:\oood\CodeMetric\CodeMetric\Debug\link.5248.write.1.tlog
d:\oood\CodeMetric\CodeMetric\Debug\link.5248-cvtres.read.1.tlog
d:\oood\CodeMetric\CodeMetric\Debug\link.5248-cvtres.write.1.tlog
d:\oood\CodeMetric\CodeMetric\Debug\link.5308.read.1.tlog
d:\oood\CodeMetric\CodeMetric\Debug\link.5308.write.1.tlog
d:\oood\CodeMetric\CodeMetric\Debug\link.5308-cvtres.read.1.tlog
d:\oood\CodeMetric\CodeMetric\Debug\link.5308-cvtres.write.1.tlog
d:\oood\CodeMetric\CodeMetric\Debug\link.5544.read.1.tlog
d:\oood\CodeMetric\CodeMetric\Debug\link.5544.write.1.tlog
d:\oood\CodeMetric\CodeMetric\Debug\link.5544-cvtres.read.1.tlog
d:\oood\CodeMetric\CodeMetric\Debug\link.5544-cvtres.write.1.tlog
d:\oood\CodeMetric\CodeMetric\Debug\link.5576.read.1.tlog
d:\oood\CodeMetric\CodeMetric\Debug\link.5576.write.1.tlog
d:\oood\CodeMetric\CodeMetric\Debug\link.5576-cvtres.read.1.tlog
d:\oood\CodeMetric\CodeMetric\Debug\link.5576-cvtres.write.1.tlog
d:\oood\CodeMetric\CodeMetric\Debug\link.6088.read.1.tlog
d:\oood\CodeMetric\CodeMetric\Debug\link.6088.write.1.tlog
d:\oood\CodeMetric\CodeMetric\Debug\link.6088-cvtres.read.1.tlog
d:\oood\CodeMetric\CodeMetric\Debug\link.6088-cvtres.write.1.tlog
d:\oood\CodeMetric\CodeMetric\Debug\link.6604.read.1.tlog
d:\oood\CodeMetric\CodeMetric\Debug\link.6604.write.1.tlog
d:\oood\CodeMetric\CodeMetric\Debug\link.6604-cvtres.read.1.tlog
d:\oood\CodeMetric\CodeMetric\Debug\link.6604-cvtres.write.1.tlog
d:\oood\CodeMetric\CodeMetric\Debug\link.6912.read.1.tlog
d:\oood\CodeMetric\CodeMetric\Debug\link.6912.write.1.tlog
d:\oood\CodeMetric\CodeMetric\Debug\link.6912-cvtres.read.1.tlog
d:\oood\CodeMetric\CodeMetric\Debug\link.6912-cvtres.write.1.tlog
d:\oood\CodeMetric\CodeMetric\Debug\link.6944.read.1.tlog
d:\oood\CodeMetric\CodeMetric\Debug\link.6944.write.1.tlog
d:\oood\CodeMetric\CodeMetric\Debug\link.6944-cvtres.read.1.tlog
d:\oood\CodeMetric\CodeMetric\Debug\link.6944-cvtres.write.1.tlog
d:\oood\CodeMetric\CodeMetric\Debug\link.7716.read.1.tlog
d:\oood\CodeMetric\CodeMetric\Debug\link.7716.write.1.tlog
d:\oood\CodeMetric\CodeMetric\Debug\link.7716-cvtres.read.1.tlog
d:\oood\CodeMetric\CodeMetric\Debug\link.7716-cvtres.write.1.tlog
d:\oood\CodeMetric\CodeMetric\Debug\link.7888.read.1.tlog
d:\oood\CodeMetric\CodeMetric\Debug\link.7888.write.1.tlog
d:\oood\CodeMetric\CodeMetric\Debug\link.7888-cvtres.read.1.tlog
d:\oood\CodeMetric\CodeMetric\Debug\link.7888-cvtres.write.1.tlog
d:\oood\CodeMetric\CodeMetric\Debug\link.8396.read.1.tlog
d:\oood\CodeMetric\CodeMetric\Debug\link.8396.write.1.tlog
d:\oood\CodeMetric\CodeMetric\Debug\link.8396-cvtres.read.1.tlog
d:\oood\CodeMetric\CodeMetric\Debug\link.8396-cvtres.write.1.tlog
d:\oood\CodeMetric\CodeMetric\Debug\link.892.read.1.tlog
d:\oood\CodeMetric\CodeMetric\Debug\link.892.write.1.tlog
d:\oood\CodeMetric\CodeMetric\Debug\link.892-cvtres.read.1.tlog
d:\oood\CodeMetric\CodeMetric\Debug\link.892-cvtres.write.1.tlog
d:\oood\CodeMetric\CodeMetric\Debug\link.9116.read.1.tlog
d:\oood\CodeMetric\CodeMetric\Debug\link.9116.write.1.tlog
d:\oood\CodeMetric\CodeMetric\Debug\link.9116-cvtres.read.1.tlog
d:\oood\CodeMetric\CodeMetric\Debug\link.9116-cvtres.write.1.tlog
d:\oood\CodeMetric\CodeMetric\Debug\link.command.1.tlog
d:\oood\CodeMetric\CodeMetric\Debug\link.read.1.tlog
d:\oood\CodeMetric\CodeMetric\Debug\link.write.1.tlog
d:\oood\CodeMetric\CodeMetric\Debug\link-cvtres.read.1.tlog
d:\oood\CodeMetric\CodeMetric\Debug\link-cvtres.write.1.tlog
d:\oood\CodeMetric\CodeMetric\Debug\mt.command.1.tlog
d:\oood\CodeMetric\CodeMetric\Debug\mt.read.1.tlog
d:\oood\CodeMetric\CodeMetric\Debug\mt.write.1.tlog
D:\OOOD\CODEMETRIC\CODEMETRIC\DEBUG\NAV.OBJ
D:\OOOD\CODEMETRIC\CODEMETRIC\DEBUG\NAVIGATION.OBJ
D:\OOOD\CODEMETRIC\CODEMETRIC\DEBUG\PARSER.OBJ
d:\oood\CodeMetric\CodeMetric\Debug\rc.command.1.tlog
d:\oood\CodeMetric\CodeMetric\Debug\rc.read.1.tlog
d:\oood\CodeMetric\CodeMetric\Debug\rc.write.1.tlog
D:\OOOD\CODEMETRIC\CODEMETRIC\DEBUG\SEMIEXPRESSION.OBJ
D:\OOOD\CODEMETRIC\CODEMETRIC\DEBUG\STRINGCONVERSION.OBJ
D:\OOOD\CODEMETRIC\CODEMETRIC\DEBUG\TESTINGG.OBJ
D:\OOOD\CODEMETRIC\CODEMETRIC\DEBUG\TOKENIZER.OBJ
d:\oood\CodeMetric\CodeMetric\Debug\vc100.idb
D:\OOOD\CODEMETRIC\CODEMETRIC\DEBUG\VC100.PDB
D:\OOOD\CODEMETRIC\CODEMETRIC\DEBUG\WINTOOLS.OBJ
D:\OOOD\CODEMETRIC\DEBUG\CODEMETRIC.EXE
D:\OOOD\CODEMETRIC\DEBUG\CODEMETRIC.ILK
D:\OOOD\CODEMETRIC\DEBUG\CODEMETRIC.PDB
