.\Debug\xmlTran.pdb
C:\su\CSE687\code\XMLTran\.\Debug\xmlTran.exe
C:\su\CSE687\code\XMLTran\.\Debug\xmlTran.exe.intermediate.manifest
C:\su\CSE687\code\XMLTran\Debug\cl.command.1.tlog
C:\su\CSE687\code\XMLTran\Debug\CL.read.1.tlog
C:\su\CSE687\code\XMLTran\Debug\CL.write.1.tlog
C:\su\CSE687\code\XMLTran\Debug\link.command.1.tlog
C:\su\CSE687\code\XMLTran\Debug\link.read.1.tlog
C:\su\CSE687\code\XMLTran\Debug\link.write.1.tlog
C:\su\CSE687\code\XMLTran\Debug\mt.command.1.tlog
C:\su\CSE687\code\XMLTran\Debug\mt.read.1.tlog
C:\su\CSE687\code\XMLTran\Debug\mt.write.1.tlog
C:\su\CSE687\code\XMLTran\Debug\vc100.idb
C:\SU\CSE687\CODE\XMLTRAN\DEBUG\VC100.PDB
C:\su\CSE687\code\XMLTran\Debug\vc80.idb
C:\su\CSE687\code\XMLTran\Debug\vc80.pdb
C:\SU\CSE687\CODE\XMLTRAN\DEBUG\XMLTRAN.EXE
C:\SU\CSE687\CODE\XMLTRAN\DEBUG\XMLTRAN.EXE.INTERMEDIATE.MANIFEST
C:\SU\CSE687\CODE\XMLTRAN\DEBUG\XMLTRAN.OBJ
C:\SU\CSE687\CODE\XMLTRAN\DEBUG\XMLTRAN.PDB
