2005.10.08 07:59 B C:\SU\CSE784\CODE\TestHarnessPrototype\Logger\obj\Debug\Logger.dll <-- ariene5 /CSE784/CODE/TestHarnessPrototype/Logger/obj/Debug Logger.dll
2005.10.08 07:59 B C:\SU\CSE784\CODE\TestHarnessPrototype\Logger\obj\Debug\Logger.pdb <-- ariene5 /CSE784/CODE/TestHarnessPrototype/Logger/obj/Debug Logger.pdb
2005.10.11 09:25 B C:\SU\CSE784\CODE\TestHarnessPrototype\Logger\obj\Debug\Logger.dll --> ftp.ecs.syr.edu /faculty/fawcett/handouts/CSE784/code/TestHarnessPrototype/Logger/obj/Debug Logger.dll
2005.10.11 09:25 B C:\SU\CSE784\CODE\TestHarnessPrototype\Logger\obj\Debug\Logger.pdb --> ftp.ecs.syr.edu /faculty/fawcett/handouts/CSE784/code/TestHarnessPrototype/Logger/obj/Debug Logger.pdb
2005.10.11 09:25 B C:\SU\CSE784\CODE\TestHarnessPrototype\Logger\obj\Debug\Logger.projdata --> ftp.ecs.syr.edu /faculty/fawcett/handouts/CSE784/code/TestHarnessPrototype/Logger/obj/Debug Logger.projdata
2005.10.11 09:25 B C:\SU\CSE784\CODE\TestHarnessPrototype\Logger\obj\Debug\Logger.projdata1 --> ftp.ecs.syr.edu /faculty/fawcett/handouts/CSE784/code/TestHarnessPrototype/Logger/obj/Debug Logger.projdata1
2005.10.11 09:25 B C:\SU\CSE784\CODE\TestHarnessPrototype\Logger\obj\Debug\WS_FTP.LOG --> ftp.ecs.syr.edu /faculty/fawcett/handouts/CSE784/code/TestHarnessPrototype/Logger/obj/Debug WS_FTP.LOG
2005.10.11 09:29 B C:\SU\CSE784\CODE\TestHarnessPrototype\Logger\obj\Debug\Logger.dll --> ftp.ecs.syr.edu /faculty/fawcett/handouts/CSE681/code/TestHarnessPrototype/Logger/obj/Debug Logger.dll
2005.10.11 09:29 B C:\SU\CSE784\CODE\TestHarnessPrototype\Logger\obj\Debug\Logger.pdb --> ftp.ecs.syr.edu /faculty/fawcett/handouts/CSE681/code/TestHarnessPrototype/Logger/obj/Debug Logger.pdb
2005.10.11 09:29 B C:\SU\CSE784\CODE\TestHarnessPrototype\Logger\obj\Debug\Logger.projdata --> ftp.ecs.syr.edu /faculty/fawcett/handouts/CSE681/code/TestHarnessPrototype/Logger/obj/Debug Logger.projdata
2005.10.11 09:29 B C:\SU\CSE784\CODE\TestHarnessPrototype\Logger\obj\Debug\Logger.projdata1 --> ftp.ecs.syr.edu /faculty/fawcett/handouts/CSE681/code/TestHarnessPrototype/Logger/obj/Debug Logger.projdata1
2005.10.11 09:29 B C:\SU\CSE784\CODE\TestHarnessPrototype\Logger\obj\Debug\WS_FTP.LOG --> ftp.ecs.syr.edu /faculty/fawcett/handouts/CSE681/code/TestHarnessPrototype/Logger/obj/Debug WS_FTP.LOG
2005.10.11 10:08 B C:\SU\CSE681\code\TestHarnessPrototype\Logger\obj\Debug\Logger-NothingDoneHere.projdata --> ftp.ecs.syr.edu /faculty/fawcett/handouts/CSE681/code/TestHarnessPrototype/Logger/obj/Debug Logger-NothingDoneHere.projdata
2005.10.11 10:08 B C:\SU\CSE681\code\TestHarnessPrototype\Logger\obj\Debug\Logger.dll --> ftp.ecs.syr.edu /faculty/fawcett/handouts/CSE681/code/TestHarnessPrototype/Logger/obj/Debug Logger.dll
2005.10.11 10:08 B C:\SU\CSE681\code\TestHarnessPrototype\Logger\obj\Debug\Logger.pdb --> ftp.ecs.syr.edu /faculty/fawcett/handouts/CSE681/code/TestHarnessPrototype/Logger/obj/Debug Logger.pdb
2005.10.11 10:08 B C:\SU\CSE681\code\TestHarnessPrototype\Logger\obj\Debug\WS_FTP.LOG --> ftp.ecs.syr.edu /faculty/fawcett/handouts/CSE681/code/TestHarnessPrototype/Logger/obj/Debug WS_FTP.LOG
2005.10.11 10:16 B C:\SU\CSE681\code\TestHarnessPrototype\Logger\obj\Debug\Logger-NothingDoneHere.projdata --> ftp.ecs.syr.edu /faculty/fawcett/handouts/CSE784/code/TestHarnessPrototype/Logger/obj/Debug Logger-NothingDoneHere.projdata
2005.10.11 10:16 B C:\SU\CSE681\code\TestHarnessPrototype\Logger\obj\Debug\Logger.dll --> ftp.ecs.syr.edu /faculty/fawcett/handouts/CSE784/code/TestHarnessPrototype/Logger/obj/Debug Logger.dll
2005.10.11 10:16 B C:\SU\CSE681\code\TestHarnessPrototype\Logger\obj\Debug\Logger.pdb --> ftp.ecs.syr.edu /faculty/fawcett/handouts/CSE784/code/TestHarnessPrototype/Logger/obj/Debug Logger.pdb
2005.10.11 10:17 B C:\SU\CSE681\code\TestHarnessPrototype\Logger\obj\Debug\WS_FTP.LOG --> ftp.ecs.syr.edu /faculty/fawcett/handouts/CSE784/code/TestHarnessPrototype/Logger/obj/Debug WS_FTP.LOG
2005.10.12 13:19 B C:\SU\CSE681\code\TestHarnessPrototype\Logger\obj\Debug\Logger-NothingDoneHere.projdata --> ftp.ecs.syr.edu /faculty/fawcett/handouts/CSE681/code/TestHarnessPrototype/Logger/obj/Debug Logger-NothingDoneHere.projdata
2005.10.12 13:19 B C:\SU\CSE681\code\TestHarnessPrototype\Logger\obj\Debug\WS_FTP.LOG --> ftp.ecs.syr.edu /faculty/fawcett/handouts/CSE681/code/TestHarnessPrototype/Logger/obj/Debug WS_FTP.LOG
2005.10.12 13:23 B C:\SU\CSE681\code\TestHarnessPrototype\Logger\obj\Debug\Logger-NothingDoneHere.projdata --> ftp.ecs.syr.edu /faculty/fawcett/handouts/CSE784/FinalProj2005_RepoTB/PrototypeCode/TestHarnessPrototype/Logger/obj/Debug Logger-NothingDoneHere.projdata
2005.10.12 13:23 B C:\SU\CSE681\code\TestHarnessPrototype\Logger\obj\Debug\WS_FTP.LOG --> ftp.ecs.syr.edu /faculty/fawcett/handouts/CSE784/FinalProj2005_RepoTB/PrototypeCode/TestHarnessPrototype/Logger/obj/Debug WS_FTP.LOG
2005.10.17 12:32 B C:\SU\CSE681\code\TestHarnessPrototype\Logger\obj\Debug\Logger-NothingDoneHere.projdata --> ftp.ecs.syr.edu /faculty/fawcett/handouts/CSE681/code/TestHarnessPrototype/Logger/obj/Debug Logger-NothingDoneHere.projdata
2005.10.17 12:32 B C:\SU\CSE681\code\TestHarnessPrototype\Logger\obj\Debug\Logger.dll --> ftp.ecs.syr.edu /faculty/fawcett/handouts/CSE681/code/TestHarnessPrototype/Logger/obj/Debug Logger.dll
2005.10.17 12:32 B C:\SU\CSE681\code\TestHarnessPrototype\Logger\obj\Debug\Logger.pdb --> ftp.ecs.syr.edu /faculty/fawcett/handouts/CSE681/code/TestHarnessPrototype/Logger/obj/Debug Logger.pdb
2005.10.17 12:32 B C:\SU\CSE681\code\TestHarnessPrototype\Logger\obj\Debug\Logger.projdata --> ftp.ecs.syr.edu /faculty/fawcett/handouts/CSE681/code/TestHarnessPrototype/Logger/obj/Debug Logger.projdata
2005.10.17 12:32 B C:\SU\CSE681\code\TestHarnessPrototype\Logger\obj\Debug\Logger.projdata1 --> ftp.ecs.syr.edu /faculty/fawcett/handouts/CSE681/code/TestHarnessPrototype/Logger/obj/Debug Logger.projdata1
2005.10.17 12:32 B C:\SU\CSE681\code\TestHarnessPrototype\Logger\obj\Debug\WS_FTP.LOG --> ftp.ecs.syr.edu /faculty/fawcett/handouts/CSE681/code/TestHarnessPrototype/Logger/obj/Debug WS_FTP.LOG
2005.10.17 12:37 B C:\SU\CSE681\code\TestHarnessPrototype\Logger\obj\Debug\Logger-NothingDoneHere.projdata --> ftp.ecs.syr.edu /faculty/fawcett/handouts/CSE784/FinalProj2005_RepoTB/PrototypeCode/TestHarnessPrototype/Logger/obj/Debug Logger-NothingDoneHere.projdata
2005.10.17 12:37 B C:\SU\CSE681\code\TestHarnessPrototype\Logger\obj\Debug\Logger.dll --> ftp.ecs.syr.edu /faculty/fawcett/handouts/CSE784/FinalProj2005_RepoTB/PrototypeCode/TestHarnessPrototype/Logger/obj/Debug Logger.dll
2005.10.17 12:37 B C:\SU\CSE681\code\TestHarnessPrototype\Logger\obj\Debug\Logger.pdb --> ftp.ecs.syr.edu /faculty/fawcett/handouts/CSE784/FinalProj2005_RepoTB/PrototypeCode/TestHarnessPrototype/Logger/obj/Debug Logger.pdb
2005.10.17 12:37 B C:\SU\CSE681\code\TestHarnessPrototype\Logger\obj\Debug\Logger.projdata --> ftp.ecs.syr.edu /faculty/fawcett/handouts/CSE784/FinalProj2005_RepoTB/PrototypeCode/TestHarnessPrototype/Logger/obj/Debug Logger.projdata
2005.10.17 12:37 B C:\SU\CSE681\code\TestHarnessPrototype\Logger\obj\Debug\Logger.projdata1 --> ftp.ecs.syr.edu /faculty/fawcett/handouts/CSE784/FinalProj2005_RepoTB/PrototypeCode/TestHarnessPrototype/Logger/obj/Debug Logger.projdata1
2005.10.17 12:37 B C:\SU\CSE681\code\TestHarnessPrototype\Logger\obj\Debug\WS_FTP.LOG --> ftp.ecs.syr.edu /faculty/fawcett/handouts/CSE784/FinalProj2005_RepoTB/PrototypeCode/TestHarnessPrototype/Logger/obj/Debug WS_FTP.LOG
2005.10.17 14:49 B C:\SU\CSE681\code\TestHarnessPrototype\Logger\obj\Debug\Logger-NothingDoneHere.projdata --> ftp.ecs.syr.edu /faculty/fawcett/handouts/CSE681/code/TestHarnessPrototype/Logger/obj/Debug Logger-NothingDoneHere.projdata
2005.10.17 14:49 B C:\SU\CSE681\code\TestHarnessPrototype\Logger\obj\Debug\WS_FTP.LOG --> ftp.ecs.syr.edu /faculty/fawcett/handouts/CSE681/code/TestHarnessPrototype/Logger/obj/Debug WS_FTP.LOG
2005.10.17 14:56 B C:\SU\CSE681\code\TestHarnessPrototype\Logger\obj\Debug\Logger-NothingDoneHere.projdata --> ftp.ecs.syr.edu /faculty/fawcett/handouts/CSE784/FinalProj2005_RepoTB/PrototypeCode/TestHarnessPrototype/Logger/obj/Debug Logger-NothingDoneHere.projdata
2005.10.17 14:56 B C:\SU\CSE681\code\TestHarnessPrototype\Logger\obj\Debug\WS_FTP.LOG --> ftp.ecs.syr.edu /faculty/fawcett/handouts/CSE784/FinalProj2005_RepoTB/PrototypeCode/TestHarnessPrototype/Logger/obj/Debug WS_FTP.LOG
2005.11.07 10:03 B C:\SU\CSE681\code\TestHarnessPrototype\Logger\obj\Debug\Logger-NothingDoneHere.projdata --> ftp.ecs.syr.edu /faculty/fawcett/handouts/CSE681/code/TestHarnessPrototype/Logger/obj/Debug Logger-NothingDoneHere.projdata
2005.11.07 10:03 B C:\SU\CSE681\code\TestHarnessPrototype\Logger\obj\Debug\WS_FTP.LOG --> ftp.ecs.syr.edu /faculty/fawcett/handouts/CSE681/code/TestHarnessPrototype/Logger/obj/Debug WS_FTP.LOG
2006.07.03 06:10 B C:\SU\CSE681\code\TestHarnessPrototype\Logger\obj\Debug\Logger.pdb --> ftp.ecs.syr.edu /faculty/fawcett/handouts/CSE681/code/TestHarnessPrototype/Logger/obj/Debug Logger.pdb
2006.07.03 06:10 B C:\SU\CSE681\code\TestHarnessPrototype\Logger\obj\Debug\Logger.dll --> ftp.ecs.syr.edu /faculty/fawcett/handouts/CSE681/code/TestHarnessPrototype/Logger/obj/Debug Logger.dll
2006.07.03 06:10 B C:\SU\CSE681\code\TestHarnessPrototype\Logger\obj\Debug\Logger-NothingDoneHere.projdata --> ftp.ecs.syr.edu /faculty/fawcett/handouts/CSE681/code/TestHarnessPrototype/Logger/obj/Debug Logger-NothingDoneHere.projdata
2006.07.03 06:10 B C:\SU\CSE681\code\TestHarnessPrototype\Logger\obj\Debug\WS_FTP.LOG --> ftp.ecs.syr.edu /faculty/fawcett/handouts/CSE681/code/TestHarnessPrototype/Logger/obj/Debug WS_FTP.LOG
