D:\ood\ood\xml\container\Debug\cl.command.1.tlog
D:\ood\ood\xml\container\Debug\CL.read.1.tlog
D:\ood\ood\xml\container\Debug\CL.write.1.tlog
D:\OOD\OOD\XML\CONTAINER\DEBUG\CONTAINER.EXE.EMBED.MANIFEST
D:\OOD\OOD\XML\CONTAINER\DEBUG\CONTAINER.EXE.EMBED.MANIFEST.RES
D:\OOD\OOD\XML\CONTAINER\DEBUG\CONTAINER.EXE.INTERMEDIATE.MANIFEST
D:\OOD\OOD\XML\CONTAINER\DEBUG\CONTAINER.OBJ
D:\ood\ood\xml\container\Debug\container_manifest.rc
D:\ood\ood\xml\container\Debug\link.3428.read.1.tlog
D:\ood\ood\xml\container\Debug\link.3428.write.1.tlog
D:\ood\ood\xml\container\Debug\link.3428-cvtres.read.1.tlog
D:\ood\ood\xml\container\Debug\link.3428-cvtres.write.1.tlog
D:\ood\ood\xml\container\Debug\link.command.1.tlog
D:\ood\ood\xml\container\Debug\link.read.1.tlog
D:\ood\ood\xml\container\Debug\link.write.1.tlog
D:\ood\ood\xml\container\Debug\link-cvtres.read.1.tlog
D:\ood\ood\xml\container\Debug\link-cvtres.write.1.tlog
D:\ood\ood\xml\container\Debug\mt.command.1.tlog
D:\ood\ood\xml\container\Debug\mt.read.1.tlog
D:\ood\ood\xml\container\Debug\mt.write.1.tlog
D:\ood\ood\xml\container\Debug\rc.command.1.tlog
D:\ood\ood\xml\container\Debug\rc.read.1.tlog
D:\ood\ood\xml\container\Debug\rc.write.1.tlog
D:\ood\ood\xml\container\Debug\vc100.idb
D:\OOD\OOD\XML\CONTAINER\DEBUG\VC100.PDB
D:\OOD\OOD\XML\DEBUG\CONTAINER.EXE
D:\OOD\OOD\XML\DEBUG\CONTAINER.ILK
D:\OOD\OOD\XML\DEBUG\CONTAINER.PDB
