Build started 9/24/2011 5:55:05 PM.
     1>Project "D:\ood\ood\xml\container\container.vcxproj" on node 2 (rebuild target(s)).
     1>_PrepareForClean:
         Deleting file "Debug\container.lastbuildstate".
       InitializeBuildStatus:
         Creating "Debug\container.unsuccessfulbuild" because "AlwaysCreate" was specified.
       ClCompile:
         c:\Program Files (x86)\Microsoft Visual Studio 10.0\VC\bin\CL.exe /c /ZI /nologo /W3 /WX- /Od /Oy- /D WIN32 /D _DEBUG /D _CONSOLE /D TEST_CONTAINERINFO_H /D _UNICODE /D UNICODE /Gm /EHsc /RTC1 /MDd /GS /fp:precise /Zc:wchar_t /Zc:forScope /Fo"Debug\\" /Fd"Debug\vc100.pdb" /Gd /TP /analyze- /errorReport:prompt Container.cpp
         Container.cpp
       ManifestResourceCompile:
         C:\Program Files (x86)\Microsoft SDKs\Windows\v7.0A\bin\rc.exe /nologo /fo"Debug\container.exe.embed.manifest.res" Debug\container_manifest.rc 
       Link:
         c:\Program Files (x86)\Microsoft Visual Studio 10.0\VC\bin\link.exe /ERRORREPORT:PROMPT /OUT:"D:\ood\ood\xml\Debug\container.exe" /INCREMENTAL /NOLOGO kernel32.lib user32.lib gdi32.lib winspool.lib comdlg32.lib advapi32.lib shell32.lib ole32.lib oleaut32.lib uuid.lib odbc32.lib odbccp32.lib /MANIFEST /ManifestFile:"Debug\container.exe.intermediate.manifest" /MANIFESTUAC:"level='asInvoker' uiAccess='false'" /DEBUG /PDB:"D:\ood\ood\xml\Debug\container.pdb" /SUBSYSTEM:CONSOLE /TLBID:1 /DYNAMICBASE /NXCOMPAT /IMPLIB:"D:\ood\ood\xml\Debug\container.lib" /MACHINE:X86 Debug\container.exe.embed.manifest.res
         Debug\Container.obj
       Manifest:
         Deleting file "Debug\container.exe.embed.manifest".
         C:\Program Files (x86)\Microsoft SDKs\Windows\v7.0A\bin\mt.exe /nologo /verbose /out:"Debug\container.exe.embed.manifest" /manifest Debug\container.exe.intermediate.manifest
         C:\Program Files (x86)\Microsoft SDKs\Windows\v7.0A\bin\rc.exe /nologo /fo"Debug\container.exe.embed.manifest.res" Debug\container_manifest.rc 
       LinkEmbedManifest:
         c:\Program Files (x86)\Microsoft Visual Studio 10.0\VC\bin\link.exe /ERRORREPORT:PROMPT /OUT:"D:\ood\ood\xml\Debug\container.exe" /INCREMENTAL /NOLOGO kernel32.lib user32.lib gdi32.lib winspool.lib comdlg32.lib advapi32.lib shell32.lib ole32.lib oleaut32.lib uuid.lib odbc32.lib odbccp32.lib /MANIFEST /ManifestFile:"Debug\container.exe.intermediate.manifest" /MANIFESTUAC:"level='asInvoker' uiAccess='false'" /DEBUG /PDB:"D:\ood\ood\xml\Debug\container.pdb" /SUBSYSTEM:CONSOLE /TLBID:1 /DYNAMICBASE /NXCOMPAT /IMPLIB:"D:\ood\ood\xml\Debug\container.lib" /MACHINE:X86 Debug\container.exe.embed.manifest.res
         Debug\Container.obj
         container.vcxproj -> D:\ood\ood\xml\Debug\container.exe
       FinalizeBuildStatus:
         Deleting file "Debug\container.unsuccessfulbuild".
         Touching "Debug\container.lastbuildstate".
     1>Done Building Project "D:\ood\ood\xml\container\container.vcxproj" (rebuild target(s)).

Build succeeded.

Time Elapsed 00:00:01.58
