D:\OOD\OOD\XML\DEBUG\XML.EXE
D:\OOD\OOD\XML\DEBUG\XML.ILK
D:\OOD\OOD\XML\DEBUG\XML.PDB
D:\OOD\OOD\XML\XML\DEBUG\ACTIONSANDRULES.OBJ
D:\ood\ood\xml\xml\Debug\cl.command.1.tlog
D:\ood\ood\xml\xml\Debug\CL.read.1.tlog
D:\ood\ood\xml\xml\Debug\CL.write.1.tlog
D:\OOD\OOD\XML\XML\DEBUG\CONFIGUREPARSER.OBJ
D:\OOD\OOD\XML\XML\DEBUG\CONTAINER.OBJ
D:\OOD\OOD\XML\XML\DEBUG\EXECUTIVE.OBJ
D:\OOD\OOD\XML\XML\DEBUG\FILEINFO.OBJ
D:\ood\ood\xml\xml\Debug\link.3428.read.1.tlog
D:\ood\ood\xml\xml\Debug\link.3428.write.1.tlog
D:\ood\ood\xml\xml\Debug\link.3428-cvtres.read.1.tlog
D:\ood\ood\xml\xml\Debug\link.3428-cvtres.write.1.tlog
D:\ood\ood\xml\xml\Debug\link.command.1.tlog
D:\ood\ood\xml\xml\Debug\link.read.1.tlog
D:\ood\ood\xml\xml\Debug\link.write.1.tlog
D:\ood\ood\xml\xml\Debug\link-cvtres.read.1.tlog
D:\ood\ood\xml\xml\Debug\link-cvtres.write.1.tlog
D:\ood\ood\xml\xml\Debug\mt.command.1.tlog
D:\ood\ood\xml\xml\Debug\mt.read.1.tlog
D:\ood\ood\xml\xml\Debug\mt.write.1.tlog
D:\OOD\OOD\XML\XML\DEBUG\PARSER.OBJ
D:\ood\ood\xml\xml\Debug\rc.command.1.tlog
D:\ood\ood\xml\xml\Debug\rc.read.1.tlog
D:\ood\ood\xml\xml\Debug\rc.write.1.tlog
D:\OOD\OOD\XML\XML\DEBUG\SEMIEXPRESSION.OBJ
D:\OOD\OOD\XML\XML\DEBUG\STRINGCONVERSION.OBJ
D:\OOD\OOD\XML\XML\DEBUG\TOKENIZER.OBJ
D:\ood\ood\xml\xml\Debug\vc100.idb
D:\OOD\OOD\XML\XML\DEBUG\VC100.PDB
D:\OOD\OOD\XML\XML\DEBUG\WINTOOLS.OBJ
D:\OOD\OOD\XML\XML\DEBUG\XML.EXE.EMBED.MANIFEST
D:\OOD\OOD\XML\XML\DEBUG\XML.EXE.EMBED.MANIFEST.RES
D:\OOD\OOD\XML\XML\DEBUG\XML.EXE.INTERMEDIATE.MANIFEST
D:\ood\ood\xml\xml\Debug\xml_manifest.rc
D:\OOD\OOD\XML\XML\DEBUG\XMLTRAN.OBJ
