Build started 9/24/2011 5:55:05 PM.
     1>Project "D:\ood\ood\xml\xml\xml.vcxproj" on node 3 (rebuild target(s)).
     1>_PrepareForClean:
         Deleting file "Debug\xml.lastbuildstate".
       InitializeBuildStatus:
         Creating "Debug\xml.unsuccessfulbuild" because "AlwaysCreate" was specified.
       ClCompile:
         c:\Program Files (x86)\Microsoft Visual Studio 10.0\VC\bin\CL.exe /c /ZI /nologo /W3 /WX- /Od /Oy- /D WIN32 /D _DEBUG /D _CONSOLE /D TEST_EXECUTIVEINFO_H /D _UNICODE /D UNICODE /Gm /EHsc /RTC1 /MDd /GS /fp:precise /Zc:wchar_t /Zc:forScope /Fo"Debug\\" /Fd"Debug\vc100.pdb" /Gd /TP /analyze- /errorReport:prompt ActionsAndRules.cpp ConfigureParser.cpp Container.cpp Executive.cpp Fileinfo.cpp Parser.cpp SemiExpression.cpp StringConversion.cpp Tokenizer.cpp WinTools.cpp xmlTran.cpp
         xmlTran.cpp
         WinTools.cpp
         Tokenizer.cpp
         StringConversion.cpp
         SemiExpression.cpp
         Parser.cpp
         Fileinfo.cpp
         Executive.cpp
         Container.cpp
         ConfigureParser.cpp
         ActionsAndRules.cpp
         Generating Code...
       ManifestResourceCompile:
         C:\Program Files (x86)\Microsoft SDKs\Windows\v7.0A\bin\rc.exe /nologo /fo"Debug\xml.exe.embed.manifest.res" Debug\xml_manifest.rc 
       Link:
         c:\Program Files (x86)\Microsoft Visual Studio 10.0\VC\bin\link.exe /ERRORREPORT:PROMPT /OUT:"D:\ood\ood\xml\Debug\xml.exe" /INCREMENTAL /NOLOGO kernel32.lib user32.lib gdi32.lib winspool.lib comdlg32.lib advapi32.lib shell32.lib ole32.lib oleaut32.lib uuid.lib odbc32.lib odbccp32.lib /MANIFEST /ManifestFile:"Debug\xml.exe.intermediate.manifest" /MANIFESTUAC:"level='asInvoker' uiAccess='false'" /DEBUG /PDB:"D:\ood\ood\xml\Debug\xml.pdb" /SUBSYSTEM:CONSOLE /TLBID:1 /DYNAMICBASE /NXCOMPAT /IMPLIB:"D:\ood\ood\xml\Debug\xml.lib" /MACHINE:X86 Debug\xml.exe.embed.manifest.res
         Debug\ActionsAndRules.obj
         Debug\ConfigureParser.obj
         Debug\Container.obj
         Debug\Executive.obj
         Debug\Fileinfo.obj
         Debug\Parser.obj
         Debug\SemiExpression.obj
         Debug\StringConversion.obj
         Debug\Tokenizer.obj
         Debug\WinTools.obj
         Debug\xmlTran.obj
       Manifest:
         Deleting file "Debug\xml.exe.embed.manifest".
         C:\Program Files (x86)\Microsoft SDKs\Windows\v7.0A\bin\mt.exe /nologo /verbose /out:"Debug\xml.exe.embed.manifest" /manifest Debug\xml.exe.intermediate.manifest
         C:\Program Files (x86)\Microsoft SDKs\Windows\v7.0A\bin\rc.exe /nologo /fo"Debug\xml.exe.embed.manifest.res" Debug\xml_manifest.rc 
       LinkEmbedManifest:
         c:\Program Files (x86)\Microsoft Visual Studio 10.0\VC\bin\link.exe /ERRORREPORT:PROMPT /OUT:"D:\ood\ood\xml\Debug\xml.exe" /INCREMENTAL /NOLOGO kernel32.lib user32.lib gdi32.lib winspool.lib comdlg32.lib advapi32.lib shell32.lib ole32.lib oleaut32.lib uuid.lib odbc32.lib odbccp32.lib /MANIFEST /ManifestFile:"Debug\xml.exe.intermediate.manifest" /MANIFESTUAC:"level='asInvoker' uiAccess='false'" /DEBUG /PDB:"D:\ood\ood\xml\Debug\xml.pdb" /SUBSYSTEM:CONSOLE /TLBID:1 /DYNAMICBASE /NXCOMPAT /IMPLIB:"D:\ood\ood\xml\Debug\xml.lib" /MACHINE:X86 Debug\xml.exe.embed.manifest.res
         Debug\ActionsAndRules.obj
         Debug\ConfigureParser.obj
         Debug\Container.obj
         Debug\Executive.obj
         Debug\Fileinfo.obj
         Debug\Parser.obj
         Debug\SemiExpression.obj
         Debug\StringConversion.obj
         Debug\Tokenizer.obj
         Debug\WinTools.obj
         Debug\xmlTran.obj
         xml.vcxproj -> D:\ood\ood\xml\Debug\xml.exe
       FinalizeBuildStatus:
         Deleting file "Debug\xml.unsuccessfulbuild".
         Touching "Debug\xml.lastbuildstate".
     1>Done Building Project "D:\ood\ood\xml\xml\xml.vcxproj" (rebuild target(s)).

Build succeeded.

Time Elapsed 00:00:10.72
