Build started 4/19/2011 9:42:53 PM.
     1>Project "D:\ood\graph\vertex\vertex.vcxproj" on node 2 (build target(s)).
     1>InitializeBuildStatus:
         Creating "Debug\vertex.unsuccessfulbuild" because "AlwaysCreate" was specified.
       ClCompile:
         C:\Program Files (x86)\Microsoft Visual Studio 10.0\VC\bin\CL.exe /c /ZI /nologo /W3 /WX- /Od /Oy- /D WIN32 /D _DEBUG /D _CONSOLE /D TEST_EXECUTIVE_H /D _UNICODE /D UNICODE /Gm /EHsc /RTC1 /MDd /GS /fp:precise /Zc:wchar_t /Zc:forScope /Fo"Debug\\" /Fd"Debug\vc100.pdb" /Gd /TP /analyze- /errorReport:prompt Display.cpp Executive.cpp graph.cpp
         graph.cpp
         Executive.cpp
         Display.cpp
         Generating Code...
       ManifestResourceCompile:
         All outputs are up-to-date.
       Link:
         C:\Program Files (x86)\Microsoft Visual Studio 10.0\VC\bin\link.exe /ERRORREPORT:PROMPT /OUT:"D:\ood\graph\Debug\vertex.exe" /INCREMENTAL /NOLOGO kernel32.lib user32.lib gdi32.lib winspool.lib comdlg32.lib advapi32.lib shell32.lib ole32.lib oleaut32.lib uuid.lib odbc32.lib odbccp32.lib /MANIFEST /ManifestFile:"Debug\vertex.exe.intermediate.manifest" /MANIFESTUAC:"level='asInvoker' uiAccess='false'" /DEBUG /PDB:"D:\ood\graph\Debug\vertex.pdb" /SUBSYSTEM:CONSOLE /TLBID:1 /DYNAMICBASE /NXCOMPAT /IMPLIB:"D:\ood\graph\Debug\vertex.lib" /MACHINE:X86 Debug\vertex.exe.embed.manifest.res
         Debug\ActionsAndRuleS.obj
         Debug\ConfigureParser.obj
         Debug\Container.obj
         Debug\Display.obj
         Debug\Executive.obj
         Debug\Fileinfo.obj
         Debug\graph.obj
         Debug\Parser.obj
         Debug\SemiExpression.obj
         Debug\StringConversion.obj
         Debug\Tokenizer.obj
         Debug\Traverse.obj
         Debug\Vertex.obj
         Debug\WinTools.obj
       Manifest:
         C:\Program Files (x86)\Microsoft SDKs\Windows\v7.0A\bin\mt.exe /nologo /verbose /out:"Debug\vertex.exe.embed.manifest" /manifest Debug\vertex.exe.intermediate.manifest
         All outputs are up-to-date.
       LinkEmbedManifest:
         All outputs are up-to-date.
         vertex.vcxproj -> D:\ood\graph\Debug\vertex.exe
       FinalizeBuildStatus:
         Deleting file "Debug\vertex.unsuccessfulbuild".
         Touching "Debug\vertex.lastbuildstate".
     1>Done Building Project "D:\ood\graph\vertex\vertex.vcxproj" (build target(s)).

Build succeeded.

Time Elapsed 00:00:05.34
