D:\OOD\GRAPH\DEBUG\VERTEX.EXE
D:\OOD\GRAPH\DEBUG\VERTEX.ILK
D:\OOD\GRAPH\DEBUG\VERTEX.PDB
D:\OOD\GRAPH\VERTEX\DEBUG\ACTIONSANDRULES.OBJ
D:\ood\graph\vertex\Debug\cl.command.1.tlog
D:\ood\graph\vertex\Debug\CL.read.1.tlog
D:\ood\graph\vertex\Debug\CL.write.1.tlog
D:\OOD\GRAPH\VERTEX\DEBUG\CONFIGUREPARSER.OBJ
D:\OOD\GRAPH\VERTEX\DEBUG\CONTAINER.OBJ
D:\OOD\GRAPH\VERTEX\DEBUG\DISPLAY.OBJ
D:\OOD\GRAPH\VERTEX\DEBUG\EXECUTIVE.OBJ
D:\OOD\GRAPH\VERTEX\DEBUG\FILEINFO.OBJ
D:\OOD\GRAPH\VERTEX\DEBUG\GRAPH.OBJ
D:\ood\graph\vertex\Debug\link.1576.read.1.tlog
D:\ood\graph\vertex\Debug\link.1576.write.1.tlog
D:\ood\graph\vertex\Debug\link.1576-cvtres.read.1.tlog
D:\ood\graph\vertex\Debug\link.1576-cvtres.write.1.tlog
D:\ood\graph\vertex\Debug\link.1828.read.1.tlog
D:\ood\graph\vertex\Debug\link.1828.write.1.tlog
D:\ood\graph\vertex\Debug\link.1828-cvtres.read.1.tlog
D:\ood\graph\vertex\Debug\link.1828-cvtres.write.1.tlog
D:\ood\graph\vertex\Debug\link.3924.read.1.tlog
D:\ood\graph\vertex\Debug\link.3924.write.1.tlog
D:\ood\graph\vertex\Debug\link.3924-cvtres.read.1.tlog
D:\ood\graph\vertex\Debug\link.3924-cvtres.write.1.tlog
D:\ood\graph\vertex\Debug\link.4816.read.1.tlog
D:\ood\graph\vertex\Debug\link.4816.write.1.tlog
D:\ood\graph\vertex\Debug\link.4816-cvtres.read.1.tlog
D:\ood\graph\vertex\Debug\link.4816-cvtres.write.1.tlog
D:\ood\graph\vertex\Debug\link.5440.read.1.tlog
D:\ood\graph\vertex\Debug\link.5440.write.1.tlog
D:\ood\graph\vertex\Debug\link.5440-cvtres.read.1.tlog
D:\ood\graph\vertex\Debug\link.5440-cvtres.write.1.tlog
D:\ood\graph\vertex\Debug\link.5456.read.1.tlog
D:\ood\graph\vertex\Debug\link.5456.write.1.tlog
D:\ood\graph\vertex\Debug\link.5456-cvtres.read.1.tlog
D:\ood\graph\vertex\Debug\link.5456-cvtres.write.1.tlog
D:\ood\graph\vertex\Debug\link.5964.read.1.tlog
D:\ood\graph\vertex\Debug\link.5964.write.1.tlog
D:\ood\graph\vertex\Debug\link.5964-cvtres.read.1.tlog
D:\ood\graph\vertex\Debug\link.5964-cvtres.write.1.tlog
D:\ood\graph\vertex\Debug\link.6236.read.1.tlog
D:\ood\graph\vertex\Debug\link.6236.write.1.tlog
D:\ood\graph\vertex\Debug\link.6236-cvtres.read.1.tlog
D:\ood\graph\vertex\Debug\link.6236-cvtres.write.1.tlog
D:\ood\graph\vertex\Debug\link.6720.read.1.tlog
D:\ood\graph\vertex\Debug\link.6720.write.1.tlog
D:\ood\graph\vertex\Debug\link.6720-cvtres.read.1.tlog
D:\ood\graph\vertex\Debug\link.6720-cvtres.write.1.tlog
D:\ood\graph\vertex\Debug\link.6744.read.1.tlog
D:\ood\graph\vertex\Debug\link.6744.write.1.tlog
D:\ood\graph\vertex\Debug\link.6744-cvtres.read.1.tlog
D:\ood\graph\vertex\Debug\link.6744-cvtres.write.1.tlog
D:\ood\graph\vertex\Debug\link.6780.read.1.tlog
D:\ood\graph\vertex\Debug\link.6780.write.1.tlog
D:\ood\graph\vertex\Debug\link.6780-cvtres.read.1.tlog
D:\ood\graph\vertex\Debug\link.6780-cvtres.write.1.tlog
D:\ood\graph\vertex\Debug\link.6892.read.1.tlog
D:\ood\graph\vertex\Debug\link.6892.write.1.tlog
D:\ood\graph\vertex\Debug\link.6892-cvtres.read.1.tlog
D:\ood\graph\vertex\Debug\link.6892-cvtres.write.1.tlog
D:\ood\graph\vertex\Debug\link.7308.read.1.tlog
D:\ood\graph\vertex\Debug\link.7308.write.1.tlog
D:\ood\graph\vertex\Debug\link.7308-cvtres.read.1.tlog
D:\ood\graph\vertex\Debug\link.7308-cvtres.write.1.tlog
D:\ood\graph\vertex\Debug\link.7528.read.1.tlog
D:\ood\graph\vertex\Debug\link.7528.write.1.tlog
D:\ood\graph\vertex\Debug\link.7528-cvtres.read.1.tlog
D:\ood\graph\vertex\Debug\link.7528-cvtres.write.1.tlog
D:\ood\graph\vertex\Debug\link.9024.read.1.tlog
D:\ood\graph\vertex\Debug\link.9024.write.1.tlog
D:\ood\graph\vertex\Debug\link.9024-cvtres.read.1.tlog
D:\ood\graph\vertex\Debug\link.9024-cvtres.write.1.tlog
D:\ood\graph\vertex\Debug\link.command.1.tlog
D:\ood\graph\vertex\Debug\link.read.1.tlog
D:\ood\graph\vertex\Debug\link.write.1.tlog
D:\ood\graph\vertex\Debug\link-cvtres.read.1.tlog
D:\ood\graph\vertex\Debug\link-cvtres.write.1.tlog
D:\ood\graph\vertex\Debug\mt.command.1.tlog
D:\ood\graph\vertex\Debug\mt.read.1.tlog
D:\ood\graph\vertex\Debug\mt.write.1.tlog
D:\OOD\GRAPH\VERTEX\DEBUG\PARSER.OBJ
D:\ood\graph\vertex\Debug\rc.command.1.tlog
D:\ood\graph\vertex\Debug\rc.read.1.tlog
D:\ood\graph\vertex\Debug\rc.write.1.tlog
D:\OOD\GRAPH\VERTEX\DEBUG\SEMIEXPRESSION.OBJ
D:\OOD\GRAPH\VERTEX\DEBUG\STRINGCONVERSION.OBJ
D:\OOD\GRAPH\VERTEX\DEBUG\TOKENIZER.OBJ
D:\OOD\GRAPH\VERTEX\DEBUG\TRAVERSE.OBJ
D:\ood\graph\vertex\Debug\vc100.idb
D:\OOD\GRAPH\VERTEX\DEBUG\VC100.PDB
D:\OOD\GRAPH\VERTEX\DEBUG\VERTEX.EXE.EMBED.MANIFEST
D:\OOD\GRAPH\VERTEX\DEBUG\VERTEX.EXE.EMBED.MANIFEST.RES
D:\OOD\GRAPH\VERTEX\DEBUG\VERTEX.EXE.INTERMEDIATE.MANIFEST
D:\OOD\GRAPH\VERTEX\DEBUG\VERTEX.OBJ
D:\ood\graph\vertex\Debug\vertex_manifest.rc
D:\OOD\GRAPH\VERTEX\DEBUG\WINTOOLS.OBJ
