2005.10.08 07:59 B C:\SU\CSE784\CODE\TestHarnessPrototype\Logger\AssemblyInfo.cs <-- ariene5 /CSE784/CODE/TestHarnessPrototype/Logger AssemblyInfo.cs
2005.10.08 07:59 B C:\SU\CSE784\CODE\TestHarnessPrototype\Logger\Class1.cs <-- ariene5 /CSE784/CODE/TestHarnessPrototype/Logger Class1.cs
2005.10.08 07:59 B C:\SU\CSE784\CODE\TestHarnessPrototype\Logger\Logger.csproj <-- ariene5 /CSE784/CODE/TestHarnessPrototype/Logger Logger.csproj
2005.10.08 07:59 B C:\SU\CSE784\CODE\TestHarnessPrototype\Logger\Logger.csproj.user <-- ariene5 /CSE784/CODE/TestHarnessPrototype/Logger Logger.csproj.user
2005.10.11 09:25 B C:\SU\CSE784\CODE\TestHarnessPrototype\Logger\AssemblyInfo.cs --> ftp.ecs.syr.edu /faculty/fawcett/handouts/CSE784/code/TestHarnessPrototype/Logger AssemblyInfo.cs
2005.10.11 09:25 B C:\SU\CSE784\CODE\TestHarnessPrototype\Logger\Logger-NothingDoneHere.csproj --> ftp.ecs.syr.edu /faculty/fawcett/handouts/CSE784/code/TestHarnessPrototype/Logger Logger-NothingDoneHere.csproj
2005.10.11 09:25 B C:\SU\CSE784\CODE\TestHarnessPrototype\Logger\Logger-NothingDoneHere.csproj.user --> ftp.ecs.syr.edu /faculty/fawcett/handouts/CSE784/code/TestHarnessPrototype/Logger Logger-NothingDoneHere.csproj.user
2005.10.11 09:25 B C:\SU\CSE784\CODE\TestHarnessPrototype\Logger\Logger.cs --> ftp.ecs.syr.edu /faculty/fawcett/handouts/CSE784/code/TestHarnessPrototype/Logger Logger.cs
2005.10.11 09:25 B C:\SU\CSE784\CODE\TestHarnessPrototype\Logger\WS_FTP.LOG --> ftp.ecs.syr.edu /faculty/fawcett/handouts/CSE784/code/TestHarnessPrototype/Logger WS_FTP.LOG
2005.10.11 09:29 B C:\SU\CSE784\CODE\TestHarnessPrototype\Logger\AssemblyInfo.cs --> ftp.ecs.syr.edu /faculty/fawcett/handouts/CSE681/code/TestHarnessPrototype/Logger AssemblyInfo.cs
2005.10.11 09:29 B C:\SU\CSE784\CODE\TestHarnessPrototype\Logger\Logger-NothingDoneHere.csproj --> ftp.ecs.syr.edu /faculty/fawcett/handouts/CSE681/code/TestHarnessPrototype/Logger Logger-NothingDoneHere.csproj
2005.10.11 09:29 B C:\SU\CSE784\CODE\TestHarnessPrototype\Logger\Logger-NothingDoneHere.csproj.user --> ftp.ecs.syr.edu /faculty/fawcett/handouts/CSE681/code/TestHarnessPrototype/Logger Logger-NothingDoneHere.csproj.user
2005.10.11 09:29 B C:\SU\CSE784\CODE\TestHarnessPrototype\Logger\Logger.cs --> ftp.ecs.syr.edu /faculty/fawcett/handouts/CSE681/code/TestHarnessPrototype/Logger Logger.cs
2005.10.11 09:29 B C:\SU\CSE784\CODE\TestHarnessPrototype\Logger\WS_FTP.LOG --> ftp.ecs.syr.edu /faculty/fawcett/handouts/CSE681/code/TestHarnessPrototype/Logger WS_FTP.LOG
2005.10.11 10:08 B C:\SU\CSE681\code\TestHarnessPrototype\Logger\Logger-NothingDoneHere.csproj.user --> ftp.ecs.syr.edu /faculty/fawcett/handouts/CSE681/code/TestHarnessPrototype/Logger Logger-NothingDoneHere.csproj.user
2005.10.11 10:08 B C:\SU\CSE681\code\TestHarnessPrototype\Logger\WS_FTP.LOG --> ftp.ecs.syr.edu /faculty/fawcett/handouts/CSE681/code/TestHarnessPrototype/Logger WS_FTP.LOG
2005.10.11 10:17 B C:\SU\CSE681\code\TestHarnessPrototype\Logger\Logger-NothingDoneHere.csproj.user --> ftp.ecs.syr.edu /faculty/fawcett/handouts/CSE784/code/TestHarnessPrototype/Logger Logger-NothingDoneHere.csproj.user
2005.10.11 10:17 B C:\SU\CSE681\code\TestHarnessPrototype\Logger\WS_FTP.LOG --> ftp.ecs.syr.edu /faculty/fawcett/handouts/CSE784/code/TestHarnessPrototype/Logger WS_FTP.LOG
2005.10.12 13:19 B C:\SU\CSE681\code\TestHarnessPrototype\Logger\Logger-NothingDoneHere.csproj.user --> ftp.ecs.syr.edu /faculty/fawcett/handouts/CSE681/code/TestHarnessPrototype/Logger Logger-NothingDoneHere.csproj.user
2005.10.12 13:19 B C:\SU\CSE681\code\TestHarnessPrototype\Logger\WS_FTP.LOG --> ftp.ecs.syr.edu /faculty/fawcett/handouts/CSE681/code/TestHarnessPrototype/Logger WS_FTP.LOG
2005.10.12 13:23 B C:\SU\CSE681\code\TestHarnessPrototype\Logger\Logger-NothingDoneHere.csproj.user --> ftp.ecs.syr.edu /faculty/fawcett/handouts/CSE784/FinalProj2005_RepoTB/PrototypeCode/TestHarnessPrototype/Logger Logger-NothingDoneHere.csproj.user
2005.10.12 13:23 B C:\SU\CSE681\code\TestHarnessPrototype\Logger\WS_FTP.LOG --> ftp.ecs.syr.edu /faculty/fawcett/handouts/CSE784/FinalProj2005_RepoTB/PrototypeCode/TestHarnessPrototype/Logger WS_FTP.LOG
2005.10.17 12:32 B C:\SU\CSE681\code\TestHarnessPrototype\Logger\AssemblyInfo.cs --> ftp.ecs.syr.edu /faculty/fawcett/handouts/CSE681/code/TestHarnessPrototype/Logger AssemblyInfo.cs
2005.10.17 12:32 B C:\SU\CSE681\code\TestHarnessPrototype\Logger\Logger-NothingDoneHere.csproj --> ftp.ecs.syr.edu /faculty/fawcett/handouts/CSE681/code/TestHarnessPrototype/Logger Logger-NothingDoneHere.csproj
2005.10.17 12:32 B C:\SU\CSE681\code\TestHarnessPrototype\Logger\Logger-NothingDoneHere.csproj.user --> ftp.ecs.syr.edu /faculty/fawcett/handouts/CSE681/code/TestHarnessPrototype/Logger Logger-NothingDoneHere.csproj.user
2005.10.17 12:32 B C:\SU\CSE681\code\TestHarnessPrototype\Logger\Logger.cs --> ftp.ecs.syr.edu /faculty/fawcett/handouts/CSE681/code/TestHarnessPrototype/Logger Logger.cs
2005.10.17 12:32 B C:\SU\CSE681\code\TestHarnessPrototype\Logger\WS_FTP.LOG --> ftp.ecs.syr.edu /faculty/fawcett/handouts/CSE681/code/TestHarnessPrototype/Logger WS_FTP.LOG
2005.10.17 12:37 B C:\SU\CSE681\code\TestHarnessPrototype\Logger\AssemblyInfo.cs --> ftp.ecs.syr.edu /faculty/fawcett/handouts/CSE784/FinalProj2005_RepoTB/PrototypeCode/TestHarnessPrototype/Logger AssemblyInfo.cs
2005.10.17 12:37 B C:\SU\CSE681\code\TestHarnessPrototype\Logger\Logger-NothingDoneHere.csproj --> ftp.ecs.syr.edu /faculty/fawcett/handouts/CSE784/FinalProj2005_RepoTB/PrototypeCode/TestHarnessPrototype/Logger Logger-NothingDoneHere.csproj
2005.10.17 12:37 B C:\SU\CSE681\code\TestHarnessPrototype\Logger\Logger-NothingDoneHere.csproj.user --> ftp.ecs.syr.edu /faculty/fawcett/handouts/CSE784/FinalProj2005_RepoTB/PrototypeCode/TestHarnessPrototype/Logger Logger-NothingDoneHere.csproj.user
2005.10.17 12:37 B C:\SU\CSE681\code\TestHarnessPrototype\Logger\Logger.cs --> ftp.ecs.syr.edu /faculty/fawcett/handouts/CSE784/FinalProj2005_RepoTB/PrototypeCode/TestHarnessPrototype/Logger Logger.cs
2005.10.17 12:37 B C:\SU\CSE681\code\TestHarnessPrototype\Logger\WS_FTP.LOG --> ftp.ecs.syr.edu /faculty/fawcett/handouts/CSE784/FinalProj2005_RepoTB/PrototypeCode/TestHarnessPrototype/Logger WS_FTP.LOG
2005.10.17 14:49 B C:\SU\CSE681\code\TestHarnessPrototype\Logger\Logger-NothingDoneHere.csproj.user --> ftp.ecs.syr.edu /faculty/fawcett/handouts/CSE681/code/TestHarnessPrototype/Logger Logger-NothingDoneHere.csproj.user
2005.10.17 14:49 B C:\SU\CSE681\code\TestHarnessPrototype\Logger\WS_FTP.LOG --> ftp.ecs.syr.edu /faculty/fawcett/handouts/CSE681/code/TestHarnessPrototype/Logger WS_FTP.LOG
2005.10.17 14:56 B C:\SU\CSE681\code\TestHarnessPrototype\Logger\Logger-NothingDoneHere.csproj.user --> ftp.ecs.syr.edu /faculty/fawcett/handouts/CSE784/FinalProj2005_RepoTB/PrototypeCode/TestHarnessPrototype/Logger Logger-NothingDoneHere.csproj.user
2005.10.17 14:56 B C:\SU\CSE681\code\TestHarnessPrototype\Logger\WS_FTP.LOG --> ftp.ecs.syr.edu /faculty/fawcett/handouts/CSE784/FinalProj2005_RepoTB/PrototypeCode/TestHarnessPrototype/Logger WS_FTP.LOG
2005.11.07 10:03 B C:\SU\CSE681\code\TestHarnessPrototype\Logger\Logger-NothingDoneHere.csproj.user --> ftp.ecs.syr.edu /faculty/fawcett/handouts/CSE681/code/TestHarnessPrototype/Logger Logger-NothingDoneHere.csproj.user
2005.11.07 10:03 B C:\SU\CSE681\code\TestHarnessPrototype\Logger\WS_FTP.LOG --> ftp.ecs.syr.edu /faculty/fawcett/handouts/CSE681/code/TestHarnessPrototype/Logger WS_FTP.LOG
2006.07.03 06:11 B C:\SU\CSE681\code\TestHarnessPrototype\Logger\Logger-NothingDoneHere.csproj.user --> ftp.ecs.syr.edu /faculty/fawcett/handouts/CSE681/code/TestHarnessPrototype/Logger Logger-NothingDoneHere.csproj.user
2006.07.03 06:11 B C:\SU\CSE681\code\TestHarnessPrototype\Logger\Logger-NothingDoneHere.csproj --> ftp.ecs.syr.edu /faculty/fawcett/handouts/CSE681/code/TestHarnessPrototype/Logger Logger-NothingDoneHere.csproj
2006.07.03 06:11 B C:\SU\CSE681\code\TestHarnessPrototype\Logger\WS_FTP.LOG --> ftp.ecs.syr.edu /faculty/fawcett/handouts/CSE681/code/TestHarnessPrototype/Logger WS_FTP.LOG
