Build started 4/16/2011 1:28:08 PM.
     1>Project "D:\ood\graph\traverse\traverse\traverse\traverse.vcxproj" on node 2 (build target(s)).
     1>PrepareForBuild:
         Creating directory "D:\ood\graph\traverse\traverse\Debug\".
       InitializeBuildStatus:
         Creating "Debug\traverse.unsuccessfulbuild" because "AlwaysCreate" was specified.
       ClCompile:
         C:\Program Files (x86)\Microsoft Visual Studio 10.0\VC\bin\CL.exe /c /ZI /nologo /W3 /WX- /Od /Oy- /D WIN32 /D _DEBUG /D _CONSOLE /D TEST_TRAVESREINFO_H /D _UNICODE /D UNICODE /Gm /EHsc /RTC1 /MDd /GS /fp:precise /Zc:wchar_t /Zc:forScope /Fo"Debug\\" /Fd"Debug\vc100.pdb" /Gd /TP /analyze- /errorReport:prompt ActionsAndRuleS.cpp ConfigureParser.cpp Container.cpp Fileinfo.cpp Parser.cpp SemiExpression.cpp StringConversion.cpp Tokenizer.cpp Traverse.cpp WinTools.cpp
         WinTools.cpp
         Traverse.cpp
         Tokenizer.cpp
         StringConversion.cpp
         SemiExpression.cpp
         Parser.cpp
     1>d:\ood\graph\traverse\traverse\traverse\actionsandrules.h(146): warning C4101: 'c' : unreferenced local variable
         Fileinfo.cpp
         Container.cpp
         ConfigureParser.cpp
     1>d:\ood\graph\traverse\traverse\traverse\actionsandrules.h(146): warning C4101: 'c' : unreferenced local variable
         ActionsAndRuleS.cpp
         Generating Code...
       ManifestResourceCompile:
         C:\Program Files (x86)\Microsoft SDKs\Windows\v7.0A\bin\rc.exe /nologo /fo"Debug\traverse.exe.embed.manifest.res" Debug\traverse_manifest.rc 
       Link:
         C:\Program Files (x86)\Microsoft Visual Studio 10.0\VC\bin\link.exe /ERRORREPORT:PROMPT /OUT:"D:\ood\graph\traverse\traverse\Debug\traverse.exe" /INCREMENTAL /NOLOGO kernel32.lib user32.lib gdi32.lib winspool.lib comdlg32.lib advapi32.lib shell32.lib ole32.lib oleaut32.lib uuid.lib odbc32.lib odbccp32.lib /MANIFEST /ManifestFile:"Debug\traverse.exe.intermediate.manifest" /MANIFESTUAC:"level='asInvoker' uiAccess='false'" /DEBUG /PDB:"D:\ood\graph\traverse\traverse\Debug\traverse.pdb" /SUBSYSTEM:CONSOLE /TLBID:1 /DYNAMICBASE /NXCOMPAT /IMPLIB:"D:\ood\graph\traverse\traverse\Debug\traverse.lib" /MACHINE:X86 Debug\traverse.exe.embed.manifest.res
         Debug\ActionsAndRuleS.obj
         Debug\ConfigureParser.obj
         Debug\Container.obj
         Debug\Fileinfo.obj
         Debug\Parser.obj
         Debug\SemiExpression.obj
         Debug\StringConversion.obj
         Debug\Tokenizer.obj
         Debug\Traverse.obj
         Debug\WinTools.obj
       Manifest:
         C:\Program Files (x86)\Microsoft SDKs\Windows\v7.0A\bin\mt.exe /nologo /verbose /out:"Debug\traverse.exe.embed.manifest" /manifest Debug\traverse.exe.intermediate.manifest
         C:\Program Files (x86)\Microsoft SDKs\Windows\v7.0A\bin\rc.exe /nologo /fo"Debug\traverse.exe.embed.manifest.res" Debug\traverse_manifest.rc 
       LinkEmbedManifest:
         C:\Program Files (x86)\Microsoft Visual Studio 10.0\VC\bin\link.exe /ERRORREPORT:PROMPT /OUT:"D:\ood\graph\traverse\traverse\Debug\traverse.exe" /INCREMENTAL /NOLOGO kernel32.lib user32.lib gdi32.lib winspool.lib comdlg32.lib advapi32.lib shell32.lib ole32.lib oleaut32.lib uuid.lib odbc32.lib odbccp32.lib /MANIFEST /ManifestFile:"Debug\traverse.exe.intermediate.manifest" /MANIFESTUAC:"level='asInvoker' uiAccess='false'" /DEBUG /PDB:"D:\ood\graph\traverse\traverse\Debug\traverse.pdb" /SUBSYSTEM:CONSOLE /TLBID:1 /DYNAMICBASE /NXCOMPAT /IMPLIB:"D:\ood\graph\traverse\traverse\Debug\traverse.lib" /MACHINE:X86 Debug\traverse.exe.embed.manifest.res
         Debug\ActionsAndRuleS.obj
         Debug\ConfigureParser.obj
         Debug\Container.obj
         Debug\Fileinfo.obj
         Debug\Parser.obj
         Debug\SemiExpression.obj
         Debug\StringConversion.obj
         Debug\Tokenizer.obj
         Debug\Traverse.obj
         Debug\WinTools.obj
         traverse.vcxproj -> D:\ood\graph\traverse\traverse\Debug\traverse.exe
       FinalizeBuildStatus:
         Deleting file "Debug\traverse.unsuccessfulbuild".
         Touching "Debug\traverse.lastbuildstate".
     1>Done Building Project "D:\ood\graph\traverse\traverse\traverse\traverse.vcxproj" (build target(s)).

Build succeeded.

Time Elapsed 00:00:09.31
