Build started 4/28/2011 5:00:48 AM.
     1>Project "D:\ood\ood\traverse\traverse\traverse.vcxproj" on node 2 (build target(s)).
     1>PrepareForBuild:
         Creating directory "D:\ood\ood\traverse\Debug\".
       InitializeBuildStatus:
         Creating "Debug\traverse.unsuccessfulbuild" because "AlwaysCreate" was specified.
       ClCompile:
         All outputs are up-to-date.
       ManifestResourceCompile:
         All outputs are up-to-date.
       Link:
         C:\Program Files (x86)\Microsoft Visual Studio 10.0\VC\bin\link.exe /ERRORREPORT:PROMPT /OUT:"D:\ood\ood\traverse\Debug\traverse.exe" /INCREMENTAL /NOLOGO kernel32.lib user32.lib gdi32.lib winspool.lib comdlg32.lib advapi32.lib shell32.lib ole32.lib oleaut32.lib uuid.lib odbc32.lib odbccp32.lib /MANIFEST /ManifestFile:"Debug\traverse.exe.intermediate.manifest" /MANIFESTUAC:"level='asInvoker' uiAccess='false'" /DEBUG /PDB:"D:\ood\ood\traverse\Debug\traverse.pdb" /SUBSYSTEM:CONSOLE /TLBID:1 /DYNAMICBASE /NXCOMPAT /IMPLIB:"D:\ood\ood\traverse\Debug\traverse.lib" /MACHINE:X86 Debug\traverse.exe.embed.manifest.res
         Debug\ActionsAndRuleS.obj
         Debug\ConfigureParser.obj
         Debug\Container.obj
         Debug\Fileinfo.obj
         Debug\Parser.obj
         Debug\SemiExpression.obj
         Debug\StringConversion.obj
         Debug\Tokenizer.obj
         Debug\Traverse.obj
         Debug\WinTools.obj
       Manifest:
         C:\Program Files (x86)\Microsoft SDKs\Windows\v7.0A\bin\mt.exe /nologo /verbose /out:"Debug\traverse.exe.embed.manifest" /manifest Debug\traverse.exe.intermediate.manifest
         All outputs are up-to-date.
       LinkEmbedManifest:
         All outputs are up-to-date.
         traverse.vcxproj -> D:\ood\ood\traverse\Debug\traverse.exe
       FinalizeBuildStatus:
         Deleting file "Debug\traverse.unsuccessfulbuild".
         Touching "Debug\traverse.lastbuildstate".
     1>Done Building Project "D:\ood\ood\traverse\traverse\traverse.vcxproj" (build target(s)).

Build succeeded.

Time Elapsed 00:00:01.03
