D:\OOD\TRAVERSE\DEBUG\TRAVERSE.EXE
D:\OOD\TRAVERSE\DEBUG\TRAVERSE.ILK
D:\OOD\TRAVERSE\DEBUG\TRAVERSE.PDB
D:\OOD\TRAVERSE\TRAVERSE\DEBUG\ACTIONSANDRULES.OBJ
D:\ood\traverse\traverse\Debug\cl.command.1.tlog
D:\ood\traverse\traverse\Debug\CL.read.1.tlog
D:\ood\traverse\traverse\Debug\CL.write.1.tlog
D:\OOD\TRAVERSE\TRAVERSE\DEBUG\CONFIGUREPARSER.OBJ
D:\OOD\TRAVERSE\TRAVERSE\DEBUG\CONTAINER.OBJ
D:\OOD\TRAVERSE\TRAVERSE\DEBUG\FILEINFO.OBJ
D:\ood\traverse\traverse\Debug\link.4416.read.1.tlog
D:\ood\traverse\traverse\Debug\link.4416.write.1.tlog
D:\ood\traverse\traverse\Debug\link.4416-cvtres.read.1.tlog
D:\ood\traverse\traverse\Debug\link.4416-cvtres.write.1.tlog
D:\ood\traverse\traverse\Debug\link.command.1.tlog
D:\ood\traverse\traverse\Debug\link.read.1.tlog
D:\ood\traverse\traverse\Debug\link.write.1.tlog
D:\ood\traverse\traverse\Debug\link-cvtres.read.1.tlog
D:\ood\traverse\traverse\Debug\link-cvtres.write.1.tlog
D:\ood\traverse\traverse\Debug\mt.command.1.tlog
D:\ood\traverse\traverse\Debug\mt.read.1.tlog
D:\ood\traverse\traverse\Debug\mt.write.1.tlog
D:\OOD\TRAVERSE\TRAVERSE\DEBUG\PARSER.OBJ
D:\ood\traverse\traverse\Debug\rc.command.1.tlog
D:\ood\traverse\traverse\Debug\rc.read.1.tlog
D:\ood\traverse\traverse\Debug\rc.write.1.tlog
D:\OOD\TRAVERSE\TRAVERSE\DEBUG\SEMIEXPRESSION.OBJ
D:\OOD\TRAVERSE\TRAVERSE\DEBUG\STRINGCONVERSION.OBJ
D:\OOD\TRAVERSE\TRAVERSE\DEBUG\TOKENIZER.OBJ
D:\OOD\TRAVERSE\TRAVERSE\DEBUG\TRAVERSE.EXE.EMBED.MANIFEST
D:\OOD\TRAVERSE\TRAVERSE\DEBUG\TRAVERSE.EXE.EMBED.MANIFEST.RES
D:\OOD\TRAVERSE\TRAVERSE\DEBUG\TRAVERSE.EXE.INTERMEDIATE.MANIFEST
D:\OOD\TRAVERSE\TRAVERSE\DEBUG\TRAVERSE.OBJ
D:\ood\traverse\traverse\Debug\traverse_manifest.rc
D:\ood\traverse\traverse\Debug\vc100.idb
D:\OOD\TRAVERSE\TRAVERSE\DEBUG\VC100.PDB
D:\OOD\TRAVERSE\TRAVERSE\DEBUG\WINTOOLS.OBJ
